<?xml version="1.0" encoding="UTF-8"?>
<!-- Generated by org.testng.reporters.JUnitReportReporter -->
<testsuite hostname="DESKTOP-DT297E4" failures="0" tests="1" name="testCasesPractice.TC_001_AccountRegistrationTestPractice" time="4.792" errors="0" timestamp="2022-08-18T09:57:16 IST" skipped="0">
  <testcase classname="testCasesPractice.TC_001_AccountRegistrationTestPractice" name="test_account_registrationpractice" time="4.792"/>
  <system-out/>
</testsuite> <!-- testCasesPractice.TC_001_AccountRegistrationTestPractice -->
