<?xml version="1.0" encoding="UTF-8"?>
<!-- Generated by org.testng.reporters.JUnitReportReporter -->
<testsuite hostname="DESKTOP-DT297E4" failures="0" tests="1" name="testCases.TC_002_LoginTest" time="2.029" errors="0" timestamp="2022-08-24T14:53:18 IST" skipped="0">
  <testcase classname="testCases.TC_002_LoginTest" name="test_login" time="2.029"/>
  <system-out/>
</testsuite> <!-- testCases.TC_002_LoginTest -->
