<?xml version="1.0" encoding="UTF-8"?>
<!-- Generated by org.testng.reporters.JUnitReportReporter -->
<testsuite hostname="DESKTOP-DT297E4" failures="0" tests="1" name="testCases.TC_004_SearchProductTest" time="1.232" errors="0" timestamp="2022-08-29T19:22:47 IST" skipped="0">
  <testcase classname="testCases.TC_004_SearchProductTest" name="test_productSearch" time="1.232"/>
  <system-out/>
</testsuite> <!-- testCases.TC_004_SearchProductTest -->
