<?xml version="1.0" encoding="UTF-8"?>
<!-- Generated by org.testng.reporters.JUnitReportReporter -->
<testsuite hostname="DESKTOP-DT297E4" failures="0" tests="1" name="testCases.TC_001_AccountRegistrationTestPractice" time="4.929" errors="0" timestamp="2022-08-17T10:07:43 IST" skipped="0">
  <testcase classname="testCases.TC_001_AccountRegistrationTestPractice" name="test_account_registrationpractice" time="4.929"/>
  <system-out/>
</testsuite> <!-- testCases.TC_001_AccountRegistrationTestPractice -->
