<?xml version="1.0" encoding="UTF-8"?>
<!-- Generated by org.testng.reporters.JUnitReportReporter -->
<testsuite hostname="DESKTOP-DT297E4" failures="0" tests="1" name="testCases.TC_001_AccountRegistrationTest" time="7.327" errors="0" timestamp="2022-08-26T07:14:31 IST" skipped="0">
  <testcase classname="testCases.TC_001_AccountRegistrationTest" name="test_account_Registration" time="7.327"/>
  <system-out/>
</testsuite> <!-- testCases.TC_001_AccountRegistrationTest -->
