<?xml version="1.0" encoding="UTF-8"?>
<!-- Generated by org.testng.reporters.JUnitReportReporter -->
<testsuite hostname="DESKTOP-DT297E4" failures="0" tests="1" name="testCases.TC_001_AccountRegistrationTest" time="6.705" errors="0" timestamp="2022-08-22T12:39:38 IST" skipped="0">
  <testcase classname="testCases.TC_001_AccountRegistrationTest" name="test_account_Registration" time="6.705"/>
  <system-out/>
</testsuite> <!-- testCases.TC_001_AccountRegistrationTest -->
