<?xml version="1.0" encoding="UTF-8"?>
<!-- Generated by org.testng.reporters.JUnitReportReporter -->
<testsuite hostname="DESKTOP-DT297E4" failures="0" tests="1" name="testCases.TC_002_LoginTest" time="1.749" errors="0" timestamp="2022-08-26T07:14:31 IST" skipped="0">
  <testcase classname="testCases.TC_002_LoginTest" name="test_login" time="1.749"/>
  <system-out/>
</testsuite> <!-- testCases.TC_002_LoginTest -->
